<?xml version="1.0" encoding="UTF-8"?>
<testng-results ignored="0" total="1" passed="1" failed="0" skipped="0">
  <reporter-output>
  </reporter-output>
  <suite started-at="2024-11-05T16:28:54 IST" name="Default suite" finished-at="2024-11-05T16:29:07 IST" duration-ms="12705">
    <groups>
    </groups>
    <test started-at="2024-11-05T16:28:54 IST" name="Default test" finished-at="2024-11-05T16:29:07 IST" duration-ms="12705">
      <class name="testscripts.regression.ValidateLoginUsingDataProviderFromExcel">
        <test-method is-config="true" signature="SetUp()[pri:0, instance:testscripts.regression.ValidateLoginUsingDataProviderFromExcel@298a5e20]" started-at="2024-11-05T16:28:55 IST" name="SetUp" finished-at="2024-11-05T16:29:03 IST" duration-ms="7424" status="PASS">
          <reporter-output>
          </reporter-output>
        </test-method> <!-- SetUp -->
        <test-method signature="ValidateLoginTest1(java.util.HashMap)[pri:0, instance:testscripts.regression.ValidateLoginUsingDataProviderFromExcel@298a5e20]" started-at="2024-11-05T16:29:03 IST" name="ValidateLoginTest1" data-provider="getTestData" finished-at="2024-11-05T16:29:03 IST" duration-ms="425" status="PASS">
          <params>
            <param index="0">
              <value>
                <![CDATA[{expected Title=Adactin.com - Hotel Reservation System, password=reyaz456, username=reyaz0806}]]>
              </value>
            </param>
          </params>
          <reporter-output>
          </reporter-output>
        </test-method> <!-- ValidateLoginTest1 -->
        <test-method is-config="true" signature="TerMin()[pri:0, instance:testscripts.regression.ValidateLoginUsingDataProviderFromExcel@298a5e20]" started-at="2024-11-05T16:29:03 IST" name="TerMin" finished-at="2024-11-05T16:29:07 IST" duration-ms="3523" status="PASS">
          <reporter-output>
          </reporter-output>
        </test-method> <!-- TerMin -->
      </class> <!-- testscripts.regression.ValidateLoginUsingDataProviderFromExcel -->
    </test> <!-- Default test -->
  </suite> <!-- Default suite -->
</testng-results>
